<?xml version="1.0" encoding="UTF-8"?>
<!-- Generated by org.testng.reporters.JUnitReportReporter -->
<testsuite hostname="DESKTOP-1RGJ0OT" failures="0" tests="2" name="Test.loginTest" time="26.056" errors="0" timestamp="2021-12-04T21:03:33 ART" skipped="0">
  <testcase classname="Test.loginTest" name="login" time="12.567"/>
  <system-out/>
  <testcase classname="Test.loginTest" name="login" time="13.489"/>
  <system-out/>
</testsuite> <!-- Test.loginTest -->
